Arguments: 
  /snap/node/8284/bin/node /snap/node/8284/bin/yarn.js add @tanstack/react-query axios

PATH: 
  /usr/local/sbin:/usr/local/bin:/usr/sbin:/usr/bin:/sbin:/bin:/usr/games:/usr/local/games:/snap/bin:/snap/bin

Yarn version: 
  1.22.19

Node version: 
  18.19.1

Platform: 
  linux x64

Trace: 
  SyntaxError: /home/arif/4. Projects file/1. LWS/5. Module 5/react-query/package.json: Unexpected token } in JSON at position 281
      at JSON.parse (<anonymous>)
      at /snap/node/8284/lib/cli.js:1629:59
      at Generator.next (<anonymous>)
      at step (/snap/node/8284/lib/cli.js:310:30)
      at /snap/node/8284/lib/cli.js:321:13

npm manifest: 
  {
    "name": "lws-assignment-2",
    "private": true,
    "version": "0.0.0",
    "type": "module",
    "scripts": {
      "dev": "vite",
      "build": "vite build",
      "lint": "eslint . --ext js,jsx --report-unused-disable-directives --max-warnings 0",
      "preview": "vite preview",
      
    },
    "dependencies": {
      "react": "^18.2.0",
      "react-dom": "^18.2.0"
    },
    "devDependencies": {
      "@types/react": "^18.2.43",
      "@types/react-dom": "^18.2.17",
      "@vitejs/plugin-react": "^4.2.1",
      "autoprefixer": "^10.4.16",
      "eslint": "^8.55.0",
      "eslint-plugin-react": "^7.33.2",
      "eslint-plugin-react-hooks": "^4.6.0",
      "eslint-plugin-react-refresh": "^0.4.5",
      "postcss": "^8.4.33",
      "tailwindcss": "^3.4.1",
      "vite": "^5.0.8"
    }
  }

yarn manifest: 
  No manifest

Lockfile: 
  No lockfile
